Command line invocation:
    /Applications/Xcode.app/Contents/Developer/usr/bin/xcodebuild build -scheme LonghornApp -destination "generic/platform=iOS Simulator"

2026-01-27 14:05:03.556 xcodebuild[63763:11113437] [MT] IDERunDestination: Supported platforms for the buildables in the current scheme is empty.
ComputePackagePrebuildTargetDependencyGraph

Prepare packages

CreateBuildRequest

SendProjectDescription

CreateBuildOperation

ComputeTargetDependencyGraph
note: Building targets in dependency order
note: Target dependency graph (1 target)
    Target 'LonghornApp' in project 'LonghornApp' (no dependencies)

GatherProvisioningInputs

CreateBuildDescription

ClangStatCache /Applications/Xcode.app/Contents/Developer/Toolchains/XcodeDefault.xctoolchain/usr/bin/clang-stat-cache /Applications/Xcode.app/Contents/Developer/Platforms/iPhoneSimulator.platform/Developer/SDKs/iPhoneSimulator26.1.sdk /Users/Kine/Library/Developer/Xcode/DerivedData/SDKStatCaches.noindex/iphonesimulator26.1-23B77-90cf18a4295e390e64c810bc6bd7acbc.sdkstatcache
    cd /Users/Kine/Documents/Kinefinity/KineCore/Pool/Mega/Longhorn/ios/LonghornApp.xcodeproj
    /Applications/Xcode.app/Contents/Developer/Toolchains/XcodeDefault.xctoolchain/usr/bin/clang-stat-cache /Applications/Xcode.app/Contents/Developer/Platforms/iPhoneSimulator.platform/Developer/SDKs/iPhoneSimulator26.1.sdk -o /Users/Kine/Library/Developer/Xcode/DerivedData/SDKStatCaches.noindex/iphonesimulator26.1-23B77-90cf18a4295e390e64c810bc6bd7acbc.sdkstatcache

SwiftDriver LonghornApp normal arm64 com.apple.xcode.tools.swift.compiler (in target 'LonghornApp' from project 'LonghornApp')
    cd /Users/Kine/Documents/Kinefinity/KineCore/Pool/Mega/Longhorn/ios
    builtin-SwiftDriver -- /Applications/Xcode.app/Contents/Developer/Toolchains/XcodeDefault.xctoolchain/usr/bin/swiftc -module-name LonghornApp -Onone -enforce-exclusivity\=checked @/Users/Kine/Library/Developer/Xcode/DerivedData/LonghornApp-etatyxzoraocrsciebdrhwdropkf/Build/Intermediates.noindex/LonghornApp.build/Debug-iphonesimulator/LonghornApp.build/Objects-normal/arm64/LonghornApp.SwiftFileList -DDEBUG -enable-bare-slash-regex -enable-experimental-feature DebugDescriptionMacro -sdk /Applications/Xcode.app/Contents/Developer/Platforms/iPhoneSimulator.platform/Developer/SDKs/iPhoneSimulator26.1.sdk -target arm64-apple-ios17.0-simulator -g -module-cache-path /Users/Kine/Library/Developer/Xcode/DerivedData/ModuleCache.noindex -Xfrontend -serialize-debugging-options -enable-testing -index-store-path /Users/Kine/Library/Developer/Xcode/DerivedData/LonghornApp-etatyxzoraocrsciebdrhwdropkf/Index.noindex/DataStore -Xcc -D_LIBCPP_HARDENING_MODE\=_LIBCPP_HARDENING_MODE_DEBUG -swift-version 5 -I /Users/Kine/Library/Developer/Xcode/DerivedData/LonghornApp-etatyxzoraocrsciebdrhwdropkf/Build/Products/Debug-iphonesimulator -F /Users/Kine/Library/Developer/Xcode/DerivedData/LonghornApp-etatyxzoraocrsciebdrhwdropkf/Build/Products/Debug-iphonesimulator -emit-localized-strings -emit-localized-strings-path /Users/Kine/Library/Developer/Xcode/DerivedData/LonghornApp-etatyxzoraocrsciebdrhwdropkf/Build/Intermediates.noindex/LonghornApp.build/Debug-iphonesimulator/LonghornApp.build/Objects-normal/arm64 -c -j8 -enable-batch-mode -incremental -Xcc -ivfsstatcache -Xcc /Users/Kine/Library/Developer/Xcode/DerivedData/SDKStatCaches.noindex/iphonesimulator26.1-23B77-90cf18a4295e390e64c810bc6bd7acbc.sdkstatcache -output-file-map /Users/Kine/Library/Developer/Xcode/DerivedData/LonghornApp-etatyxzoraocrsciebdrhwdropkf/Build/Intermediates.noindex/LonghornApp.build/Debug-iphonesimulator/LonghornApp.build/Objects-normal/arm64/LonghornApp-OutputFileMap.json -use-frontend-parseable-output -save-temps -no-color-diagnostics -explicit-module-build -module-cache-path /Users/Kine/Library/Developer/Xcode/DerivedData/LonghornApp-etatyxzoraocrsciebdrhwdropkf/Build/Intermediates.noindex/SwiftExplicitPrecompiledModules -clang-scanner-module-cache-path /Users/Kine/Library/Developer/Xcode/DerivedData/ModuleCache.noindex -sdk-module-cache-path /Users/Kine/Library/Developer/Xcode/DerivedData/ModuleCache.noindex -serialize-diagnostics -emit-dependencies -emit-module -emit-module-path /Users/Kine/Library/Developer/Xcode/DerivedData/LonghornApp-etatyxzoraocrsciebdrhwdropkf/Build/Intermediates.noindex/LonghornApp.build/Debug-iphonesimulator/LonghornApp.build/Objects-normal/arm64/LonghornApp.swiftmodule -validate-clang-modules-once -clang-build-session-file /Users/Kine/Library/Developer/Xcode/DerivedData/ModuleCache.noindex/Session.modulevalidation -Xcc -I/Users/Kine/Library/Developer/Xcode/DerivedData/LonghornApp-etatyxzoraocrsciebdrhwdropkf/Build/Intermediates.noindex/LonghornApp.build/Debug-iphonesimulator/LonghornApp.build/swift-overrides.hmap -emit-const-values -Xfrontend -const-gather-protocols-file -Xfrontend /Users/Kine/Library/Developer/Xcode/DerivedData/LonghornApp-etatyxzoraocrsciebdrhwdropkf/Build/Intermediates.noindex/LonghornApp.build/Debug-iphonesimulator/LonghornApp.build/Objects-normal/arm64/LonghornApp_const_extract_protocols.json -Xcc -iquote -Xcc /Users/Kine/Library/Developer/Xcode/DerivedData/LonghornApp-etatyxzoraocrsciebdrhwdropkf/Build/Intermediates.noindex/LonghornApp.build/Debug-iphonesimulator/LonghornApp.build/LonghornApp-generated-files.hmap -Xcc -I/Users/Kine/Library/Developer/Xcode/DerivedData/LonghornApp-etatyxzoraocrsciebdrhwdropkf/Build/Intermediates.noindex/LonghornApp.build/Debug-iphonesimulator/LonghornApp.build/LonghornApp-own-target-headers.hmap -Xcc -I/Users/Kine/Library/Developer/Xcode/DerivedData/LonghornApp-etatyxzoraocrsciebdrhwdropkf/Build/Intermediates.noindex/LonghornApp.build/Debug-iphonesimulator/LonghornApp.build/LonghornApp-all-target-headers.hmap -Xcc -iquote -Xcc /Users/Kine/Library/Developer/Xcode/DerivedData/LonghornApp-etatyxzoraocrsciebdrhwdropkf/Build/Intermediates.noindex/LonghornApp.build/Debug-iphonesimulator/LonghornApp.build/LonghornApp-project-headers.hmap -Xcc -I/Users/Kine/Library/Developer/Xcode/DerivedData/LonghornApp-etatyxzoraocrsciebdrhwdropkf/Build/Products/Debug-iphonesimulator/include -Xcc -I/Users/Kine/Library/Developer/Xcode/DerivedData/LonghornApp-etatyxzoraocrsciebdrhwdropkf/Build/Intermediates.noindex/LonghornApp.build/Debug-iphonesimulator/LonghornApp.build/DerivedSources-normal/arm64 -Xcc -I/Users/Kine/Library/Developer/Xcode/DerivedData/LonghornApp-etatyxzoraocrsciebdrhwdropkf/Build/Intermediates.noindex/LonghornApp.build/Debug-iphonesimulator/LonghornApp.build/DerivedSources/arm64 -Xcc -I/Users/Kine/Library/Developer/Xcode/DerivedData/LonghornApp-etatyxzoraocrsciebdrhwdropkf/Build/Intermediates.noindex/LonghornApp.build/Debug-iphonesimulator/LonghornApp.build/DerivedSources -Xcc -DDEBUG\=1 -emit-objc-header -emit-objc-header-path /Users/Kine/Library/Developer/Xcode/DerivedData/LonghornApp-etatyxzoraocrsciebdrhwdropkf/Build/Intermediates.noindex/LonghornApp.build/Debug-iphonesimulator/LonghornApp.build/Objects-normal/arm64/LonghornApp-Swift.h -working-directory /Users/Kine/Documents/Kinefinity/KineCore/Pool/Mega/Longhorn/ios -experimental-emit-module-separately -disable-cmo
/Users/Kine/Documents/Kinefinity/KineCore/Pool/Mega/Longhorn/ios/LonghornApp/Views/Components/DailyWordBadge.swift:377:1: error: extraneous '}' at top level
}
^
/Users/Kine/Documents/Kinefinity/KineCore/Pool/Mega/Longhorn/ios/LonghornApp/Views/Components/DailyWordBadge.swift:377:1: error: extraneous '}' at top level
}
^
/Users/Kine/Documents/Kinefinity/KineCore/Pool/Mega/Longhorn/ios/LonghornApp/Views/Components/DailyWordBadge.swift:377:1: error: Extraneous '}' at top level
}
^ (in target 'LonghornApp' from project 'LonghornApp')

SwiftDriver LonghornApp normal x86_64 com.apple.xcode.tools.swift.compiler (in target 'LonghornApp' from project 'LonghornApp')
    cd /Users/Kine/Documents/Kinefinity/KineCore/Pool/Mega/Longhorn/ios
    builtin-SwiftDriver -- /Applications/Xcode.app/Contents/Developer/Toolchains/XcodeDefault.xctoolchain/usr/bin/swiftc -module-name LonghornApp -Onone -enforce-exclusivity\=checked @/Users/Kine/Library/Developer/Xcode/DerivedData/LonghornApp-etatyxzoraocrsciebdrhwdropkf/Build/Intermediates.noindex/LonghornApp.build/Debug-iphonesimulator/LonghornApp.build/Objects-normal/x86_64/LonghornApp.SwiftFileList -DDEBUG -enable-bare-slash-regex -enable-experimental-feature DebugDescriptionMacro -sdk /Applications/Xcode.app/Contents/Developer/Platforms/iPhoneSimulator.platform/Developer/SDKs/iPhoneSimulator26.1.sdk -target x86_64-apple-ios17.0-simulator -g -module-cache-path /Users/Kine/Library/Developer/Xcode/DerivedData/ModuleCache.noindex -Xfrontend -serialize-debugging-options -enable-testing -index-store-path /Users/Kine/Library/Developer/Xcode/DerivedData/LonghornApp-etatyxzoraocrsciebdrhwdropkf/Index.noindex/DataStore -Xcc -D_LIBCPP_HARDENING_MODE\=_LIBCPP_HARDENING_MODE_DEBUG -swift-version 5 -I /Users/Kine/Library/Developer/Xcode/DerivedData/LonghornApp-etatyxzoraocrsciebdrhwdropkf/Build/Products/Debug-iphonesimulator -F /Users/Kine/Library/Developer/Xcode/DerivedData/LonghornApp-etatyxzoraocrsciebdrhwdropkf/Build/Products/Debug-iphonesimulator -emit-localized-strings -emit-localized-strings-path /Users/Kine/Library/Developer/Xcode/DerivedData/LonghornApp-etatyxzoraocrsciebdrhwdropkf/Build/Intermediates.noindex/LonghornApp.build/Debug-iphonesimulator/LonghornApp.build/Objects-normal/x86_64 -c -j8 -enable-batch-mode -incremental -Xcc -ivfsstatcache -Xcc /Users/Kine/Library/Developer/Xcode/DerivedData/SDKStatCaches.noindex/iphonesimulator26.1-23B77-90cf18a4295e390e64c810bc6bd7acbc.sdkstatcache -output-file-map /Users/Kine/Library/Developer/Xcode/DerivedData/LonghornApp-etatyxzoraocrsciebdrhwdropkf/Build/Intermediates.noindex/LonghornApp.build/Debug-iphonesimulator/LonghornApp.build/Objects-normal/x86_64/LonghornApp-OutputFileMap.json -use-frontend-parseable-output -save-temps -no-color-diagnostics -explicit-module-build -module-cache-path /Users/Kine/Library/Developer/Xcode/DerivedData/LonghornApp-etatyxzoraocrsciebdrhwdropkf/Build/Intermediates.noindex/SwiftExplicitPrecompiledModules -clang-scanner-module-cache-path /Users/Kine/Library/Developer/Xcode/DerivedData/ModuleCache.noindex -sdk-module-cache-path /Users/Kine/Library/Developer/Xcode/DerivedData/ModuleCache.noindex -serialize-diagnostics -emit-dependencies -emit-module -emit-module-path /Users/Kine/Library/Developer/Xcode/DerivedData/LonghornApp-etatyxzoraocrsciebdrhwdropkf/Build/Intermediates.noindex/LonghornApp.build/Debug-iphonesimulator/LonghornApp.build/Objects-normal/x86_64/LonghornApp.swiftmodule -validate-clang-modules-once -clang-build-session-file /Users/Kine/Library/Developer/Xcode/DerivedData/ModuleCache.noindex/Session.modulevalidation -Xcc -I/Users/Kine/Library/Developer/Xcode/DerivedData/LonghornApp-etatyxzoraocrsciebdrhwdropkf/Build/Intermediates.noindex/LonghornApp.build/Debug-iphonesimulator/LonghornApp.build/swift-overrides.hmap -emit-const-values -Xfrontend -const-gather-protocols-file -Xfrontend /Users/Kine/Library/Developer/Xcode/DerivedData/LonghornApp-etatyxzoraocrsciebdrhwdropkf/Build/Intermediates.noindex/LonghornApp.build/Debug-iphonesimulator/LonghornApp.build/Objects-normal/x86_64/LonghornApp_const_extract_protocols.json -Xcc -iquote -Xcc /Users/Kine/Library/Developer/Xcode/DerivedData/LonghornApp-etatyxzoraocrsciebdrhwdropkf/Build/Intermediates.noindex/LonghornApp.build/Debug-iphonesimulator/LonghornApp.build/LonghornApp-generated-files.hmap -Xcc -I/Users/Kine/Library/Developer/Xcode/DerivedData/LonghornApp-etatyxzoraocrsciebdrhwdropkf/Build/Intermediates.noindex/LonghornApp.build/Debug-iphonesimulator/LonghornApp.build/LonghornApp-own-target-headers.hmap -Xcc -I/Users/Kine/Library/Developer/Xcode/DerivedData/LonghornApp-etatyxzoraocrsciebdrhwdropkf/Build/Intermediates.noindex/LonghornApp.build/Debug-iphonesimulator/LonghornApp.build/LonghornApp-all-target-headers.hmap -Xcc -iquote -Xcc /Users/Kine/Library/Developer/Xcode/DerivedData/LonghornApp-etatyxzoraocrsciebdrhwdropkf/Build/Intermediates.noindex/LonghornApp.build/Debug-iphonesimulator/LonghornApp.build/LonghornApp-project-headers.hmap -Xcc -I/Users/Kine/Library/Developer/Xcode/DerivedData/LonghornApp-etatyxzoraocrsciebdrhwdropkf/Build/Products/Debug-iphonesimulator/include -Xcc -I/Users/Kine/Library/Developer/Xcode/DerivedData/LonghornApp-etatyxzoraocrsciebdrhwdropkf/Build/Intermediates.noindex/LonghornApp.build/Debug-iphonesimulator/LonghornApp.build/DerivedSources-normal/x86_64 -Xcc -I/Users/Kine/Library/Developer/Xcode/DerivedData/LonghornApp-etatyxzoraocrsciebdrhwdropkf/Build/Intermediates.noindex/LonghornApp.build/Debug-iphonesimulator/LonghornApp.build/DerivedSources/x86_64 -Xcc -I/Users/Kine/Library/Developer/Xcode/DerivedData/LonghornApp-etatyxzoraocrsciebdrhwdropkf/Build/Intermediates.noindex/LonghornApp.build/Debug-iphonesimulator/LonghornApp.build/DerivedSources -Xcc -DDEBUG\=1 -emit-objc-header -emit-objc-header-path /Users/Kine/Library/Developer/Xcode/DerivedData/LonghornApp-etatyxzoraocrsciebdrhwdropkf/Build/Intermediates.noindex/LonghornApp.build/Debug-iphonesimulator/LonghornApp.build/Objects-normal/x86_64/LonghornApp-Swift.h -working-directory /Users/Kine/Documents/Kinefinity/KineCore/Pool/Mega/Longhorn/ios -experimental-emit-module-separately -disable-cmo
/Users/Kine/Documents/Kinefinity/KineCore/Pool/Mega/Longhorn/ios/LonghornApp/Views/Components/DailyWordBadge.swift:377:1: error: Extraneous '}' at top level
}
^ (in target 'LonghornApp' from project 'LonghornApp')

** BUILD FAILED **


The following build commands failed:
	SwiftDriver LonghornApp normal arm64 com.apple.xcode.tools.swift.compiler (in target 'LonghornApp' from project 'LonghornApp')
	SwiftDriver LonghornApp normal x86_64 com.apple.xcode.tools.swift.compiler (in target 'LonghornApp' from project 'LonghornApp')
	Building project LonghornApp with scheme LonghornApp
(3 failures)
